<?xml version="1.0" encoding="UTF-8"?>
<testsuites name="jest tests" tests="2" failures="0" errors="0" time="5.043">
  <testsuite name="src\pages\app\App.test.tsx" errors="0" failures="0" skipped="0" timestamp="2023-03-01T11:07:53" time="2.73" tests="1">
    <testcase classname="-renders learn react link" name="-renders learn react link" time="0.07">
    </testcase>
  </testsuite>
  <testsuite name="src\pages\movie-container\movie-container.test.tsx" errors="0" failures="0" skipped="0" timestamp="2023-03-01T11:07:53" time="2.822" tests="1">
    <testcase classname="-test getSomeData" name="-test getSomeData" time="0.054">
    </testcase>
  </testsuite>
</testsuites>